Build started 12/6/2017 2:52:02 PM.
     1>Project "C:\Users\123\Documents\Visual Studio 2013\Projects\ConsoleApplication10\ConsoleApplication10\ConsoleApplication10.vcxproj" on node 2 (Build target(s)).
     1>ClCompile:
         C:\Program Files (x86)\Microsoft Visual Studio 12.0\VC\bin\CL.exe /c /ZI /nologo /W3 /WX- /Od /Oy- /D WIN32 /D _DEBUG /D _CONSOLE /D _LIB /D _UNICODE /D UNICODE /Gm /EHsc /RTC1 /MDd /GS /fp:precise /Zc:wchar_t /Zc:forScope /Yu"stdafx.h" /Fp"Debug\ConsoleApplication10.pch" /Fo"Debug\\" /Fd"Debug\vc120.pdb" /Gd /TP /analyze- /errorReport:prompt ConsoleApplication10.cpp
         ConsoleApplication10.cpp
     1>c:\users\123\documents\visual studio 2013\projects\consoleapplication10\consoleapplication10\consoleapplication10.cpp(13): warning C4244: '=' : conversion from 'SHORT' to 'char', possible loss of data
     1>c:\users\123\documents\visual studio 2013\projects\consoleapplication10\consoleapplication10\consoleapplication10.cpp(18): warning C4244: '=' : conversion from 'SHORT' to 'char', possible loss of data
     1>c:\users\123\documents\visual studio 2013\projects\consoleapplication10\consoleapplication10\consoleapplication10.cpp(23): warning C4244: '=' : conversion from 'SHORT' to 'char', possible loss of data
     1>c:\users\123\documents\visual studio 2013\projects\consoleapplication10\consoleapplication10\consoleapplication10.cpp(28): warning C4244: '=' : conversion from 'SHORT' to 'char', possible loss of data
     1>c:\users\123\documents\visual studio 2013\projects\consoleapplication10\consoleapplication10\consoleapplication10.cpp(33): warning C4244: '=' : conversion from 'SHORT' to 'char', possible loss of data
     1>c:\users\123\documents\visual studio 2013\projects\consoleapplication10\consoleapplication10\consoleapplication10.cpp(38): warning C4244: '=' : conversion from 'SHORT' to 'char', possible loss of data
     1>c:\users\123\documents\visual studio 2013\projects\consoleapplication10\consoleapplication10\consoleapplication10.cpp(43): warning C4244: '=' : conversion from 'SHORT' to 'char', possible loss of data
     1>c:\users\123\documents\visual studio 2013\projects\consoleapplication10\consoleapplication10\consoleapplication10.cpp(48): warning C4244: '=' : conversion from 'SHORT' to 'char', possible loss of data
     1>c:\users\123\documents\visual studio 2013\projects\consoleapplication10\consoleapplication10\consoleapplication10.cpp(53): warning C4244: '=' : conversion from 'SHORT' to 'char', possible loss of data
     1>c:\users\123\documents\visual studio 2013\projects\consoleapplication10\consoleapplication10\consoleapplication10.cpp(612): warning C4244: 'argument' : conversion from 'time_t' to 'unsigned int', possible loss of data
     1>c:\users\123\documents\visual studio 2013\projects\consoleapplication10\consoleapplication10\consoleapplication10.cpp(768): warning C4244: '=' : conversion from 'time_t' to 'int', possible loss of data
       Link:
         C:\Program Files (x86)\Microsoft Visual Studio 12.0\VC\bin\link.exe /ERRORREPORT:PROMPT /OUT:"C:\Users\123\Documents\Visual Studio 2013\Projects\ConsoleApplication10\Debug\ConsoleApplication10.exe" /INCREMENTAL /NOLOGO kernel32.lib user32.lib gdi32.lib winspool.lib comdlg32.lib advapi32.lib shell32.lib ole32.lib oleaut32.lib uuid.lib odbc32.lib odbccp32.lib /MANIFEST /MANIFESTUAC:"level='asInvoker' uiAccess='false'" /manifest:embed /DEBUG /PDB:"C:\Users\123\Documents\Visual Studio 2013\Projects\ConsoleApplication10\Debug\ConsoleApplication10.pdb" /SUBSYSTEM:CONSOLE /TLBID:1 /DYNAMICBASE /NXCOMPAT /IMPLIB:"C:\Users\123\Documents\Visual Studio 2013\Projects\ConsoleApplication10\Debug\ConsoleApplication10.lib" /MACHINE:X86 Debug\ConsoleApplication10.obj
         Debug\stdafx.obj
         ConsoleApplication10.vcxproj -> C:\Users\123\Documents\Visual Studio 2013\Projects\ConsoleApplication10\Debug\ConsoleApplication10.exe
     1>Done Building Project "C:\Users\123\Documents\Visual Studio 2013\Projects\ConsoleApplication10\ConsoleApplication10\ConsoleApplication10.vcxproj" (Build target(s)).

Build succeeded.

Time Elapsed 00:00:05.23
